<?xml version="1.0" encoding="UTF-8"?>
<!-- Generated by org.testng.reporters.JUnitReportReporter -->
<testsuite hostname="DESKTOP-7687H4A" failures="0" tests="1" name="testscripts.regression.ValidateTcUsingHybrid" time="24.213" errors="0" timestamp="2025-01-24T23:57:01 IST" skipped="0">
  <testcase classname="testscripts.regression.ValidateTcUsingHybrid" name="validateDates" time="24.213"/>
</testsuite> <!-- testscripts.regression.ValidateTcUsingHybrid -->
