<?xml version="1.0" encoding="UTF-8"?>
<!-- Generated by org.testng.reporters.JUnitReportReporter -->
<testsuite hostname="DESKTOP-7687H4A" failures="0" tests="1" name="testscripts.regression.ValidateTC118UsingPOM" time="45.433" errors="0" timestamp="2025-02-15T18:11:14 IST" skipped="0">
  <testcase classname="testscripts.regression.ValidateTC118UsingPOM" name="Validatesearchpage" time="45.433"/>
</testsuite> <!-- testscripts.regression.ValidateTC118UsingPOM -->
