<?xml version="1.0" encoding="UTF-8"?>
<!-- Generated by org.testng.reporters.JUnitReportReporter -->
<testsuite hostname="DESKTOP-7687H4A" failures="0" tests="1" name="testscripts.regression.ValidateTc114UsingHybrid" time="15.404" errors="0" timestamp="2025-01-24T23:46:42 IST" skipped="0">
  <testcase classname="testscripts.regression.ValidateTc114UsingHybrid" name="validateDates" time="15.404"/>
</testsuite> <!-- testscripts.regression.ValidateTc114UsingHybrid -->
