<?xml version="1.0" encoding="UTF-8"?>
<!-- Generated by org.testng.reporters.JUnitReportReporter -->
<testsuite hostname="DESKTOP-7687H4A" failures="0" tests="1" name="testscripts.regression.ValidateTC105UsingPOM" time="11.707" errors="0" timestamp="2025-02-14T22:29:23 IST" skipped="0">
  <testcase classname="testscripts.regression.ValidateTC105UsingPOM" name="Validatesearchpage" time="11.707"/>
</testsuite> <!-- testscripts.regression.ValidateTC105UsingPOM -->
