<?xml version="1.0" encoding="UTF-8"?>
<!-- Generated by org.testng.reporters.JUnitReportReporter -->
<testsuite hostname="DESKTOP-7687H4A" failures="0" tests="1" name="testscripts.regression.ValidateLoginUsingPOM" time="26.933" errors="0" timestamp="2025-02-08T17:04:15 IST" skipped="0">
  <testcase classname="testscripts.regression.ValidateLoginUsingPOM" name="validatelogin" time="26.933"/>
</testsuite> <!-- testscripts.regression.ValidateLoginUsingPOM -->
