<?xml version="1.0" encoding="UTF-8"?>
<!-- Generated by org.testng.reporters.JUnitReportReporter -->
<testsuite hostname="DESKTOP-7687H4A" failures="0" tests="1" name="testscripts.regression.ValidateTC105UsingPOM" time="16.792" errors="0" timestamp="2025-02-15T17:48:24 IST" skipped="0">
  <testcase classname="testscripts.regression.ValidateTC105UsingPOM" name="Validatesearchpage" time="16.792"/>
</testsuite> <!-- testscripts.regression.ValidateTC105UsingPOM -->
