<?xml version="1.0" encoding="UTF-8"?>
<!-- Generated by org.testng.reporters.JUnitReportReporter -->
<testsuite hostname="DESKTOP-7687H4A" failures="0" tests="1" name="testscripts.regression.ValidateSearchPageUsingPOM" time="28.574" errors="0" timestamp="2025-02-13T18:16:47 IST" skipped="0">
  <testcase classname="testscripts.regression.ValidateSearchPageUsingPOM" name="Validatesearchpage" time="28.574"/>
</testsuite> <!-- testscripts.regression.ValidateSearchPageUsingPOM -->
