<?xml version="1.0" encoding="UTF-8"?>
<!-- Generated by org.testng.reporters.JUnitReportReporter -->
<testsuite hostname="DESKTOP-7687H4A" failures="0" tests="1" name="testscripts.regression.ValidateTc119UsingHybrid" time="534.074" errors="0" timestamp="2025-02-02T13:16:21 IST" skipped="0">
  <testcase classname="testscripts.regression.ValidateTc119UsingHybrid" name="validateDates" time="534.074"/>
</testsuite> <!-- testscripts.regression.ValidateTc119UsingHybrid -->
