<?xml version="1.0" encoding="UTF-8"?>
<!-- Generated by org.testng.reporters.JUnitReportReporter -->
<testsuite hostname="DESKTOP-7687H4A" failures="0" tests="1" name="testscripts.regression.ValidateTC116UsingPOM" time="25.668" errors="0" timestamp="2025-02-15T17:48:24 IST" skipped="0">
  <testcase classname="testscripts.regression.ValidateTC116UsingPOM" name="Validatesearchpage" time="25.668"/>
</testsuite> <!-- testscripts.regression.ValidateTC116UsingPOM -->
