<?xml version="1.0" encoding="UTF-8"?>
<!-- Generated by org.testng.reporters.JUnitReportReporter -->
<testsuite hostname="DESKTOP-7687H4A" failures="0" tests="1" name="testscripts.regression.ValidateLoginUsingPOM" time="26.365" errors="0" timestamp="2025-02-10T23:14:09 IST" skipped="0">
  <testcase classname="testscripts.regression.ValidateLoginUsingPOM" name="validatelogin" time="26.365"/>
</testsuite> <!-- testscripts.regression.ValidateLoginUsingPOM -->
